2024-10-27 22:13:06,929 - URBasic_realTimeClientEvent - ERROR - RTC connecting
2024-10-27 22:13:07,930 - URBasic_realTimeClientEvent - ERROR - RTC connecting
2024-10-27 22:13:08,931 - URBasic_realTimeClientEvent - ERROR - RTC connecting
2024-10-27 22:13:09,932 - URBasic_realTimeClientEvent - ERROR - RTC connecting
2024-10-27 22:13:10,932 - URBasic_realTimeClientEvent - ERROR - RTC connecting
2024-10-27 22:13:11,933 - URBasic_realTimeClientEvent - ERROR - RTC connecting
2024-10-27 22:13:12,934 - URBasic_realTimeClientEvent - ERROR - RTC connecting
2024-10-27 22:13:13,934 - URBasic_realTimeClientEvent - ERROR - RTC connecting
2024-10-27 22:13:14,936 - URBasic_realTimeClientEvent - ERROR - RTC connecting
2024-10-27 22:13:15,936 - URBasic_realTimeClientEvent - ERROR - RTC connecting
2024-10-27 22:13:16,938 - URBasic_realTimeClientEvent - ERROR - RTC connecting
2024-10-27 22:13:17,939 - URBasic_realTimeClientEvent - ERROR - RTC connecting
2024-10-27 22:13:18,939 - URBasic_realTimeClientEvent - ERROR - RTC connecting
2024-10-27 22:13:19,940 - URBasic_realTimeClientEvent - ERROR - RTC connecting
2024-10-27 22:13:20,940 - URBasic_realTimeClientEvent - ERROR - RTC connecting
2024-10-27 22:13:21,941 - URBasic_realTimeClientEvent - ERROR - RTC connecting
2024-10-27 22:13:22,942 - URBasic_realTimeClientEvent - ERROR - RTC connecting
2024-10-27 22:13:23,942 - URBasic_realTimeClientEvent - ERROR - RTC connecting
2024-10-27 22:13:24,943 - URBasic_realTimeClientEvent - ERROR - RTC connecting
2024-10-27 22:13:25,944 - URBasic_realTimeClientEvent - ERROR - RTC connecting
2024-10-27 22:13:26,945 - URBasic_realTimeClientEvent - ERROR - RTC connecting
2024-10-27 22:13:27,946 - URBasic_realTimeClientEvent - ERROR - RTC connecting
2024-10-27 22:13:28,947 - URBasic_realTimeClientEvent - ERROR - RTC connecting
2024-10-27 22:13:29,948 - URBasic_realTimeClientEvent - ERROR - RTC connecting
2024-10-27 22:13:30,949 - URBasic_realTimeClientEvent - ERROR - RTC connecting
2024-10-27 22:13:31,950 - URBasic_realTimeClientEvent - ERROR - RTC connecting
2024-10-27 22:13:32,951 - URBasic_realTimeClientEvent - ERROR - RTC connecting
2024-10-27 22:13:33,951 - URBasic_realTimeClientEvent - ERROR - RTC connecting
2024-10-27 22:13:34,953 - URBasic_realTimeClientEvent - ERROR - RTC connecting
2024-10-27 22:13:35,954 - URBasic_realTimeClientEvent - ERROR - RTC connecting
2024-10-27 22:13:36,955 - URBasic_realTimeClientEvent - ERROR - RTC connecting
2024-10-27 22:13:37,955 - URBasic_realTimeClientEvent - ERROR - RTC connecting
2024-10-27 22:13:38,956 - URBasic_realTimeClientEvent - ERROR - RTC connecting
2024-10-27 22:13:39,956 - URBasic_realTimeClientEvent - ERROR - RTC connecting
2024-10-27 22:13:40,957 - URBasic_realTimeClientEvent - ERROR - RTC connecting
2024-10-27 22:13:41,958 - URBasic_realTimeClientEvent - ERROR - RTC connecting
2024-10-27 22:13:42,959 - URBasic_realTimeClientEvent - ERROR - RTC connecting
2024-10-27 22:13:43,960 - URBasic_realTimeClientEvent - ERROR - RTC connecting
2024-10-27 22:13:44,961 - URBasic_realTimeClientEvent - ERROR - RTC connecting
2024-10-27 22:13:45,961 - URBasic_realTimeClientEvent - ERROR - RTC connecting
2024-10-27 22:13:46,962 - URBasic_realTimeClientEvent - ERROR - RTC connecting
2024-10-27 22:13:47,962 - URBasic_realTimeClientEvent - ERROR - RTC connecting
2024-10-27 22:13:48,963 - URBasic_realTimeClientEvent - ERROR - RTC connecting
2024-10-27 22:13:49,964 - URBasic_realTimeClientEvent - ERROR - RTC connecting
2024-10-27 22:13:50,965 - URBasic_realTimeClientEvent - ERROR - RTC connecting
2024-10-27 22:13:51,967 - URBasic_realTimeClientEvent - ERROR - RTC connecting
2024-10-27 22:13:52,967 - URBasic_realTimeClientEvent - ERROR - RTC connecting
2024-10-27 22:13:53,968 - URBasic_realTimeClientEvent - ERROR - RTC connecting
2024-10-27 22:13:54,970 - URBasic_realTimeClientEvent - ERROR - RTC connecting
2024-10-27 22:13:55,970 - URBasic_realTimeClientEvent - ERROR - RTC connecting
2024-10-27 22:13:56,971 - URBasic_realTimeClientEvent - ERROR - RTC connecting
2024-10-27 22:13:57,971 - URBasic_realTimeClientEvent - ERROR - RTC connecting
2024-10-27 22:13:58,971 - URBasic_realTimeClientEvent - ERROR - RTC connecting
2024-10-27 22:13:59,971 - URBasic_realTimeClientEvent - ERROR - RTC connecting
2024-10-27 22:14:00,971 - URBasic_realTimeClientEvent - ERROR - RTC connecting
2024-10-27 22:14:01,972 - URBasic_realTimeClientEvent - ERROR - RTC connecting
2024-10-27 22:14:02,972 - URBasic_realTimeClientEvent - ERROR - RTC connecting
2024-10-27 22:14:03,974 - URBasic_realTimeClientEvent - ERROR - RTC connecting
2024-10-27 22:14:04,975 - URBasic_realTimeClientEvent - ERROR - RTC connecting
2024-10-27 22:14:05,975 - URBasic_realTimeClientEvent - ERROR - RTC connecting
2024-10-27 22:14:07,978 - URBasic_dashboardEvent - ERROR - Dashboard connecting
2024-10-27 22:14:09,980 - URBasic_dashboardEvent - ERROR - Dashboard connecting
2024-10-27 22:14:11,981 - URBasic_dashboardEvent - ERROR - Dashboard connecting
2024-10-27 22:14:13,982 - URBasic_dashboardEvent - ERROR - Dashboard connecting
2024-10-27 22:14:15,984 - URBasic_dashboardEvent - ERROR - Dashboard connecting
2024-10-27 22:14:17,985 - URBasic_dashboardEvent - ERROR - Dashboard connecting
2024-10-27 22:14:19,987 - URBasic_dashboardEvent - ERROR - Dashboard connecting
2024-10-27 22:14:21,988 - URBasic_dashboardEvent - ERROR - Dashboard connecting
2024-10-27 22:14:23,990 - URBasic_dashboardEvent - ERROR - Dashboard connecting
2024-10-27 22:14:25,992 - URBasic_dashboardEvent - ERROR - Dashboard connecting
2024-10-27 22:14:27,994 - URBasic_dashboardEvent - ERROR - Dashboard connecting
2024-10-27 22:14:29,995 - URBasic_dashboardEvent - ERROR - Dashboard connecting
2024-10-27 22:14:31,996 - URBasic_dashboardEvent - ERROR - Dashboard connecting
2024-10-27 22:14:33,998 - URBasic_dashboardEvent - ERROR - Dashboard connecting
2024-10-27 22:14:35,999 - URBasic_dashboardEvent - ERROR - Dashboard connecting
2024-10-27 22:14:38,001 - URBasic_dashboardEvent - ERROR - Dashboard connecting
2024-10-27 22:14:40,002 - URBasic_dashboardEvent - ERROR - Dashboard connecting
2024-10-27 22:14:42,003 - URBasic_dashboardEvent - ERROR - Dashboard connecting
2024-10-27 22:14:44,005 - URBasic_dashboardEvent - ERROR - Dashboard connecting
2024-10-27 22:14:46,007 - URBasic_dashboardEvent - ERROR - Dashboard connecting
2024-10-27 22:14:48,008 - URBasic_dashboardEvent - ERROR - Dashboard connecting
2024-10-27 22:14:50,009 - URBasic_dashboardEvent - ERROR - Dashboard connecting
2024-10-27 22:14:52,011 - URBasic_dashboardEvent - ERROR - Dashboard connecting
2024-10-27 22:14:54,012 - URBasic_dashboardEvent - ERROR - Dashboard connecting
2024-10-27 22:14:56,014 - URBasic_dashboardEvent - ERROR - Dashboard connecting
2024-10-27 22:14:58,016 - URBasic_dashboardEvent - ERROR - Dashboard connecting
2024-10-27 22:15:00,017 - URBasic_dashboardEvent - ERROR - Dashboard connecting
2024-10-27 22:15:02,017 - URBasic_dashboardEvent - ERROR - Dashboard connecting
2024-10-27 22:15:04,018 - URBasic_dashboardEvent - ERROR - Dashboard connecting
2024-10-27 22:15:06,020 - URBasic_dashboardEvent - ERROR - Dashboard connecting
2024-10-27 22:15:06,020 - URBasic_dashboardEvent - WARNING - UR Dashboard connection failed!
2024-10-27 22:15:06,022 - URBasic_dashboardEvent - ERROR - UR Dashboard interface not able to connect and timed out!
2024-10-27 22:16:46,345 - URBasic_realTimeClientEvent - ERROR - RTC connecting
2024-10-27 22:16:47,347 - URBasic_realTimeClientEvent - ERROR - RTC connecting
2024-10-27 22:16:48,348 - URBasic_realTimeClientEvent - ERROR - RTC connecting
2024-10-27 22:16:49,349 - URBasic_realTimeClientEvent - ERROR - RTC connecting
2024-10-27 22:16:50,351 - URBasic_realTimeClientEvent - ERROR - RTC connecting
2024-10-27 22:16:51,353 - URBasic_realTimeClientEvent - ERROR - RTC connecting
2024-10-27 22:16:52,354 - URBasic_realTimeClientEvent - ERROR - RTC connecting
2024-10-27 22:16:53,356 - URBasic_realTimeClientEvent - ERROR - RTC connecting
2024-10-27 22:16:54,357 - URBasic_realTimeClientEvent - ERROR - RTC connecting
2024-10-27 22:16:55,359 - URBasic_realTimeClientEvent - ERROR - RTC connecting
2024-10-27 22:16:56,360 - URBasic_realTimeClientEvent - ERROR - RTC connecting
2024-10-27 22:16:57,360 - URBasic_realTimeClientEvent - ERROR - RTC connecting
2024-10-27 22:16:58,361 - URBasic_realTimeClientEvent - ERROR - RTC connecting
2024-10-27 22:16:59,363 - URBasic_realTimeClientEvent - ERROR - RTC connecting
2024-10-27 22:17:00,364 - URBasic_realTimeClientEvent - ERROR - RTC connecting
2024-10-27 22:17:01,366 - URBasic_realTimeClientEvent - ERROR - RTC connecting
2024-10-27 22:17:02,368 - URBasic_realTimeClientEvent - ERROR - RTC connecting
2024-10-27 22:17:03,369 - URBasic_realTimeClientEvent - ERROR - RTC connecting
2024-10-27 22:17:04,370 - URBasic_realTimeClientEvent - ERROR - RTC connecting
2024-10-27 22:17:05,371 - URBasic_realTimeClientEvent - ERROR - RTC connecting
2024-10-27 22:17:06,372 - URBasic_realTimeClientEvent - ERROR - RTC connecting
2024-10-27 22:17:07,374 - URBasic_realTimeClientEvent - ERROR - RTC connecting
2024-10-27 22:17:08,375 - URBasic_realTimeClientEvent - ERROR - RTC connecting
2024-10-27 22:17:09,377 - URBasic_realTimeClientEvent - ERROR - RTC connecting
2024-10-27 22:17:10,379 - URBasic_realTimeClientEvent - ERROR - RTC connecting
2024-10-27 22:17:11,380 - URBasic_realTimeClientEvent - ERROR - RTC connecting
2024-10-27 22:17:12,382 - URBasic_realTimeClientEvent - ERROR - RTC connecting
2024-10-27 22:17:13,382 - URBasic_realTimeClientEvent - ERROR - RTC connecting
2024-10-27 22:17:14,383 - URBasic_realTimeClientEvent - ERROR - RTC connecting
2024-10-27 22:17:15,384 - URBasic_realTimeClientEvent - ERROR - RTC connecting
2024-10-27 22:17:16,385 - URBasic_realTimeClientEvent - ERROR - RTC connecting
2024-10-27 22:17:17,385 - URBasic_realTimeClientEvent - ERROR - RTC connecting
2024-10-27 22:17:18,386 - URBasic_realTimeClientEvent - ERROR - RTC connecting
2024-10-27 22:23:09,588 - URBasic_realTimeClientEvent - ERROR - RTC connecting
2024-10-27 22:23:10,589 - URBasic_realTimeClientEvent - ERROR - RTC connecting
2024-10-27 22:23:11,591 - URBasic_realTimeClientEvent - ERROR - RTC connecting
2024-10-27 22:23:12,592 - URBasic_realTimeClientEvent - ERROR - RTC connecting
2024-10-27 22:23:13,594 - URBasic_realTimeClientEvent - ERROR - RTC connecting
2024-10-27 22:23:14,595 - URBasic_realTimeClientEvent - ERROR - RTC connecting
2024-10-27 22:23:15,596 - URBasic_realTimeClientEvent - ERROR - RTC connecting
2024-10-27 22:23:16,597 - URBasic_realTimeClientEvent - ERROR - RTC connecting
2024-10-27 22:23:17,597 - URBasic_realTimeClientEvent - ERROR - RTC connecting
2024-10-27 22:23:18,599 - URBasic_realTimeClientEvent - ERROR - RTC connecting
2024-10-27 22:23:19,599 - URBasic_realTimeClientEvent - ERROR - RTC connecting
2024-10-27 22:23:20,601 - URBasic_realTimeClientEvent - ERROR - RTC connecting
2024-10-27 22:23:21,602 - URBasic_realTimeClientEvent - ERROR - RTC connecting
2024-10-27 22:23:22,603 - URBasic_realTimeClientEvent - ERROR - RTC connecting
2024-10-27 22:23:23,605 - URBasic_realTimeClientEvent - ERROR - RTC connecting
2024-10-27 22:23:24,607 - URBasic_realTimeClientEvent - ERROR - RTC connecting
2024-10-27 22:23:25,609 - URBasic_realTimeClientEvent - ERROR - RTC connecting
2024-10-27 22:23:26,610 - URBasic_realTimeClientEvent - ERROR - RTC connecting
2024-10-27 22:23:27,611 - URBasic_realTimeClientEvent - ERROR - RTC connecting
2024-10-27 22:23:28,613 - URBasic_realTimeClientEvent - ERROR - RTC connecting
2024-10-27 22:23:29,614 - URBasic_realTimeClientEvent - ERROR - RTC connecting
2024-10-27 22:23:30,616 - URBasic_realTimeClientEvent - ERROR - RTC connecting
2024-10-27 22:23:31,616 - URBasic_realTimeClientEvent - ERROR - RTC connecting
2024-10-27 22:23:32,618 - URBasic_realTimeClientEvent - ERROR - RTC connecting
2024-10-27 22:23:33,618 - URBasic_realTimeClientEvent - ERROR - RTC connecting
2024-10-27 22:23:34,619 - URBasic_realTimeClientEvent - ERROR - RTC connecting
2024-10-27 22:23:35,620 - URBasic_realTimeClientEvent - ERROR - RTC connecting
2024-10-27 22:23:36,621 - URBasic_realTimeClientEvent - ERROR - RTC connecting
2024-10-27 22:23:37,623 - URBasic_realTimeClientEvent - ERROR - RTC connecting
2024-10-27 22:23:38,623 - URBasic_realTimeClientEvent - ERROR - RTC connecting
2024-10-27 22:23:39,625 - URBasic_realTimeClientEvent - ERROR - RTC connecting
2024-10-27 22:23:40,625 - URBasic_realTimeClientEvent - ERROR - RTC connecting
2024-10-27 22:23:41,625 - URBasic_realTimeClientEvent - ERROR - RTC connecting
2024-10-27 22:23:42,626 - URBasic_realTimeClientEvent - ERROR - RTC connecting
2024-10-27 22:23:43,627 - URBasic_realTimeClientEvent - ERROR - RTC connecting
2024-10-27 22:23:44,629 - URBasic_realTimeClientEvent - ERROR - RTC connecting
2024-10-27 22:23:45,630 - URBasic_realTimeClientEvent - ERROR - RTC connecting
2024-10-27 22:23:46,630 - URBasic_realTimeClientEvent - ERROR - RTC connecting
2024-10-27 22:23:47,631 - URBasic_realTimeClientEvent - ERROR - RTC connecting
2024-10-27 22:23:48,631 - URBasic_realTimeClientEvent - ERROR - RTC connecting
2024-10-27 22:23:49,632 - URBasic_realTimeClientEvent - ERROR - RTC connecting
2024-10-27 22:23:50,632 - URBasic_realTimeClientEvent - ERROR - RTC connecting
2024-10-27 22:23:51,634 - URBasic_realTimeClientEvent - ERROR - RTC connecting
2024-10-27 22:23:52,634 - URBasic_realTimeClientEvent - ERROR - RTC connecting
2024-10-27 22:23:53,636 - URBasic_realTimeClientEvent - ERROR - RTC connecting
2024-10-27 22:23:54,636 - URBasic_realTimeClientEvent - ERROR - RTC connecting
2024-10-27 22:23:55,636 - URBasic_realTimeClientEvent - ERROR - RTC connecting
2024-10-27 22:23:56,637 - URBasic_realTimeClientEvent - ERROR - RTC connecting
2024-10-27 22:23:57,638 - URBasic_realTimeClientEvent - ERROR - RTC connecting
2024-10-27 22:23:58,638 - URBasic_realTimeClientEvent - ERROR - RTC connecting
2024-10-27 22:23:59,640 - URBasic_realTimeClientEvent - ERROR - RTC connecting
2024-10-27 22:24:00,642 - URBasic_realTimeClientEvent - ERROR - RTC connecting
2024-10-27 22:24:01,642 - URBasic_realTimeClientEvent - ERROR - RTC connecting
2024-10-27 22:24:02,643 - URBasic_realTimeClientEvent - ERROR - RTC connecting
2024-10-27 22:24:03,645 - URBasic_realTimeClientEvent - ERROR - RTC connecting
2024-10-27 22:24:04,646 - URBasic_realTimeClientEvent - ERROR - RTC connecting
2024-10-27 22:24:05,646 - URBasic_realTimeClientEvent - ERROR - RTC connecting
2024-10-27 22:24:06,647 - URBasic_realTimeClientEvent - ERROR - RTC connecting
2024-10-27 22:24:07,647 - URBasic_realTimeClientEvent - ERROR - RTC connecting
2024-10-27 22:24:08,648 - URBasic_realTimeClientEvent - ERROR - RTC connecting
2024-10-27 22:24:10,653 - URBasic_dashboardEvent - ERROR - Dashboard connecting
2024-10-27 22:24:12,655 - URBasic_dashboardEvent - ERROR - Dashboard connecting
2024-10-27 22:24:14,657 - URBasic_dashboardEvent - ERROR - Dashboard connecting
2024-10-27 22:24:16,658 - URBasic_dashboardEvent - ERROR - Dashboard connecting
2024-10-27 22:24:18,660 - URBasic_dashboardEvent - ERROR - Dashboard connecting
2024-10-27 22:24:20,662 - URBasic_dashboardEvent - ERROR - Dashboard connecting
2024-10-27 22:24:22,663 - URBasic_dashboardEvent - ERROR - Dashboard connecting
2024-10-27 22:24:24,667 - URBasic_dashboardEvent - ERROR - Dashboard connecting
2024-10-27 22:24:26,668 - URBasic_dashboardEvent - ERROR - Dashboard connecting
2024-10-27 22:24:28,668 - URBasic_dashboardEvent - ERROR - Dashboard connecting
2024-10-27 22:24:30,670 - URBasic_dashboardEvent - ERROR - Dashboard connecting
2024-10-27 22:24:33,390 - URBasic_dashboardEvent - ERROR - Dashboard connecting
2024-10-27 22:24:35,393 - URBasic_dashboardEvent - ERROR - Dashboard connecting
2024-10-27 22:24:37,394 - URBasic_dashboardEvent - ERROR - Dashboard connecting
2024-10-27 22:24:39,395 - URBasic_dashboardEvent - ERROR - Dashboard connecting
2024-10-27 22:24:41,397 - URBasic_dashboardEvent - ERROR - Dashboard connecting
2024-10-30 00:11:37,100 - URBasic_realTimeClientEvent - ERROR - SendProgram: Program Stopped but not finiched!!!
2024-10-30 10:58:42,297 - URBasic_rtdeEvent - ERROR - Lost some RTDE at 560.784 - 104.00000000004184 milliseconds since last package
2024-11-26 23:50:35,041 - URBasic_realTimeClientEvent - ERROR - sendProgram: Program not able to run
2024-11-26 23:50:35,751 - URBasic_realTimeClientEvent - ERROR - sendProgram: Program not able to run
2024-11-26 23:50:42,351 - URBasic_rtdeEvent - ERROR - Lost some RTDE at 98.868 - 10.000000000005116 milliseconds since last package
2024-11-26 23:55:18,679 - URBasic_realTimeClientEvent - ERROR - SendProgram: Program Stopped but not finiched!!!
2024-11-26 23:55:25,881 - URBasic_rtdeEvent - ERROR - Lost some RTDE at 98.984 - 10.000000000005116 milliseconds since last package
2024-11-26 23:55:39,881 - URBasic_rtdeEvent - ERROR - Lost some RTDE at 109.872 - 10.000000000005116 milliseconds since last package
2024-11-26 23:56:03,979 - URBasic_realTimeClientEvent - ERROR - SendProgram: Program Stopped but not finiched!!!
2024-11-26 23:56:35,551 - URBasic_realTimeClientEvent - ERROR - SendProgram: Program Stopped but not finiched!!!
2024-11-26 23:56:51,880 - URBasic_rtdeEvent - ERROR - Lost some RTDE at 170.572 - 10.000000000019327 milliseconds since last package
2024-11-26 23:56:53,878 - URBasic_rtdeEvent - ERROR - Lost some RTDE at 172.316 - 10.000000000019327 milliseconds since last package
2024-11-26 23:56:56,889 - URBasic_realTimeClientEvent - ERROR - SendProgram: Program Stopped but not finiched!!!
2024-11-26 23:59:14,016 - URBasic_realTimeClientEvent - ERROR - sendProgram: Program not able to run
2024-11-26 23:59:14,725 - URBasic_realTimeClientEvent - ERROR - sendProgram: Program not able to run
2024-11-26 23:59:49,140 - URBasic_rtdeEvent - ERROR - Lost some RTDE at 53.312 - 9.99999999999801 milliseconds since last package
2024-11-26 23:59:52,296 - URBasic_realTimeClientEvent - ERROR - SendProgram: Program Stopped but not finiched!!!
2024-11-27 00:00:09,304 - URBasic_realTimeClientEvent - ERROR - SendProgram: Program Stopped but not finiched!!!
2024-11-27 00:00:13,974 - URBasic_realTimeClientEvent - ERROR - SendProgram: Program Stopped but not finiched!!!
2024-11-27 00:00:58,306 - URBasic_realTimeClientEvent - ERROR - SendProgram: Program Stopped but not finiched!!!
2024-11-27 00:01:31,879 - URBasic_rtdeEvent - ERROR - Lost some RTDE at 136.528 - 9.999999999990905 milliseconds since last package
2024-11-27 00:01:38,880 - URBasic_rtdeEvent - ERROR - Lost some RTDE at 142.31199999999998 - 9.999999999990905 milliseconds since last package
2024-11-27 00:02:33,878 - URBasic_rtdeEvent - ERROR - Lost some RTDE at 187.352 - 10.000000000019327 milliseconds since last package
2024-11-27 00:02:56,878 - URBasic_rtdeEvent - ERROR - Lost some RTDE at 206.31199999999998 - 9.999999999990905 milliseconds since last package
2024-11-27 00:03:59,879 - URBasic_rtdeEvent - ERROR - Lost some RTDE at 257.69599999999997 - 9.999999999990905 milliseconds since last package
2024-11-27 00:28:45,881 - URBasic_rtdeEvent - ERROR - Lost some RTDE at 93.78999999999999 - 9.999999999990905 milliseconds since last package
2024-11-27 00:29:23,878 - URBasic_rtdeEvent - ERROR - Lost some RTDE at 122.86999999999999 - 9.999999999990905 milliseconds since last package
2024-11-27 00:30:28,878 - URBasic_rtdeEvent - ERROR - Lost some RTDE at 179.742 - 9.999999999990905 milliseconds since last package
2024-11-27 00:30:31,877 - URBasic_rtdeEvent - ERROR - Lost some RTDE at 182.36599999999999 - 9.999999999990905 milliseconds since last package
2024-11-27 00:30:46,881 - URBasic_rtdeEvent - ERROR - Lost some RTDE at 195.24599999999998 - 9.999999999990905 milliseconds since last package
2024-11-27 00:35:13,882 - URBasic_rtdeEvent - ERROR - Lost some RTDE at 426.58599999999996 - 9.999999999990905 milliseconds since last package
2024-11-27 00:38:45,882 - URBasic_rtdeEvent - ERROR - Lost some RTDE at 610.946 - 10.000000000104592 milliseconds since last package
2024-11-27 00:40:39,880 - URBasic_rtdeEvent - ERROR - Lost some RTDE at 704.2439999999999 - 9.999999999990905 milliseconds since last package
2024-11-27 00:44:14,878 - URBasic_rtdeEvent - ERROR - Lost some RTDE at 895.034 - 9.999999999990905 milliseconds since last package
2024-11-27 00:44:34,880 - URBasic_rtdeEvent - ERROR - Lost some RTDE at 911.554 - 9.999999999990905 milliseconds since last package
2024-11-27 00:44:51,880 - URBasic_rtdeEvent - ERROR - Lost some RTDE at 924.9219999999999 - 9.999999999990905 milliseconds since last package
2024-11-27 00:46:17,881 - URBasic_rtdeEvent - ERROR - Lost some RTDE at 999.198 - 9.999999999990905 milliseconds since last package
2024-11-27 00:52:07,878 - URBasic_rtdeEvent - ERROR - Lost some RTDE at 1307.6879999999999 - 9.999999999990905 milliseconds since last package
2024-11-27 00:53:10,880 - URBasic_rtdeEvent - ERROR - Lost some RTDE at 1362.3519999999999 - 9.999999999990905 milliseconds since last package
